<?xml version="1.0" encoding="UTF-8"?>
<!-- Generated by org.testng.reporters.JUnitReportReporter -->
<testsuite name="jbkPages.LoginPage" tests="1" time="0.481" ignored="0" failures="0" timestamp="09 Aug 2021 04:01:17 GMT" skipped="0" hostname="lenovo-PC" errors="0">
  <testcase name="errorMsg" time="0.481" classname="jbkPages.LoginPage"/>
</testsuite> <!-- jbkPages.LoginPage -->
