<?xml version="1.0" encoding="UTF-8"?>
<!-- Generated by org.testng.reporters.JUnitReportReporter -->
<testsuite name="jbkTest.DashboardTest" tests="11" time="6.182" ignored="2" failures="0" timestamp="20 Aug 2021 13:40:53 GMT" skipped="0" hostname="lenovo-PC" errors="0">
  <testcase name="verifyDashboadCoursesColours" time="0.175" classname="jbkTest.DashboardTest"/>
  <testcase name="verifyMenuElements" time="0.318" classname="jbkTest.DashboardTest"/>
  <testcase name="verifyProfilePhoto" time="0.526" classname="jbkTest.DashboardTest"/>
  <testcase name="validateOperatorsPage" time="0.740" classname="jbkTest.DashboardTest"/>
  <testcase name="validateUsefulLinksPage" time="0.478" classname="jbkTest.DashboardTest"/>
  <testcase name="verifyDashboadCoursesIcons" time="0.142" classname="jbkTest.DashboardTest"/>
  <testcase name="verifyDashboardPageHeading" time="0.094" classname="jbkTest.DashboardTest"/>
  <testcase name="verifyProfileName" time="0.302" classname="jbkTest.DashboardTest"/>
  <testcase name="verifyCourses" time="0.460" classname="jbkTest.DashboardTest"/>
  <testcase name="validLogin" time="1.996" classname="jbkTest.DashboardTest"/>
  <testcase name="validateDownloadPage" time="0.951" classname="jbkTest.DashboardTest"/>
  <testcase name="validateUserPage" classname="jbkTest.DashboardTest">
    <skipped/>
  </testcase> <!-- validateUserPage -->
  <testcase name="logOut" classname="jbkTest.DashboardTest">
    <skipped/>
  </testcase> <!-- logOut -->
</testsuite> <!-- jbkTest.DashboardTest -->
