<?xml version="1.0" encoding="UTF-8"?>
<!-- Generated by org.testng.reporters.JUnitReportReporter -->
<testsuite name="jbkTest.DownloadTest" tests="5" time="0.003" ignored="0" failures="0" timestamp="18 Aug 2021 14:47:19 GMT" skipped="4" hostname="lenovo-PC" errors="1">
  <testcase name="verifyDownloadsTitle" time="0.003" classname="jbkTest.DownloadTest">
    <skipped/>
  </testcase> <!-- verifyDownloadsTitle -->
  <testcase name="verifyHeadings" time="0.000" classname="jbkTest.DownloadTest">
    <skipped/>
  </testcase> <!-- verifyHeadings -->
  <testcase name="verifyWebsites" time="0.000" classname="jbkTest.DownloadTest">
    <skipped/>
  </testcase> <!-- verifyWebsites -->
  <testcase name="verifyPageHeader" time="0.000" classname="jbkTest.DownloadTest">
    <skipped/>
  </testcase> <!-- verifyPageHeader -->
  <testcase name="setUp" time="0.000" classname="jbkTest.DownloadTest">
    <error type="java.lang.NullPointerException">
      <![CDATA[java.lang.NullPointerException
	at jbkTest.DownloadTest.setUp(DownloadTest.java:20)
	at sun.reflect.NativeMethodAccessorImpl.invoke0(Native Method)
	at sun.reflect.NativeMethodAccessorImpl.invoke(NativeMethodAccessorImpl.java:62)
	at sun.reflect.DelegatingMethodAccessorImpl.invoke(DelegatingMethodAccessorImpl.java:43)
	at java.lang.reflect.Method.invoke(Method.java:498)
	at org.testng.internal.MethodInvocationHelper.invokeMethod(MethodInvocationHelper.java:104)
	at org.testng.internal.Invoker.invokeConfigurationMethod(Invoker.java:515)
	at org.testng.internal.Invoker.invokeConfigurations(Invoker.java:217)
	at org.testng.internal.Invoker.invokeConfigurations(Invoker.java:144)
	at org.testng.SuiteRunner.privateRun(SuiteRunner.java:326)
	at org.testng.SuiteRunner.run(SuiteRunner.java:289)
	at org.testng.SuiteRunnerWorker.runSuite(SuiteRunnerWorker.java:52)
	at org.testng.SuiteRunnerWorker.run(SuiteRunnerWorker.java:86)
	at org.testng.TestNG.runSuitesSequentially(TestNG.java:1293)
	at org.testng.TestNG.runSuitesLocally(TestNG.java:1218)
	at org.testng.TestNG.runSuites(TestNG.java:1133)
	at org.testng.TestNG.run(TestNG.java:1104)
	at org.testng.remote.AbstractRemoteTestNG.run(AbstractRemoteTestNG.java:132)
	at org.testng.remote.RemoteTestNG.initAndRun(RemoteTestNG.java:236)
	at org.testng.remote.RemoteTestNG.main(RemoteTestNG.java:81)
]]>
    </error>
  </testcase> <!-- setUp -->
</testsuite> <!-- jbkTest.DownloadTest -->
